<?xml version="1.0" encoding="UTF-8"?>
<!-- Generated by org.testng.reporters.JUnitReportReporter -->
<testsuite hostname="Sales" failures="0" tests="1" name="com.index.GeneralIndex" time="907.820" errors="0" timestamp="10 Dec 2018 14:23:27 GMT">
  <testcase classname="com.index.GeneralIndex" name="TC_DB_01" time="907.820"/>
</testsuite> <!-- com.index.GeneralIndex -->
